============================= test session starts ==============================
platform darwin -- Python 3.12.13, pytest-9.1.1, pluggy-1.6.0
rootdir: /Users/landjunge/gnom-hub
configfile: pyproject.toml
testpaths: tests
plugins: anyio-4.14.0, asyncio-1.4.0
asyncio: mode=Mode.STRICT, debug=False, asyncio_default_fixture_loop_scope=None, asyncio_default_test_loop_scope=function
collected 578 items

tests/test_admin_auth.py .....                                           [  0%]
tests/test_admin_system.py ...                                           [  1%]
tests/test_agent_names_frozen.py ...............                         [  3%]
tests/test_agents_db.py ......                                           [  5%]
tests/test_audit_log_cap.py ...                                          [  5%]
tests/test_browser_action.py .........................                   [  9%]
tests/test_chat_db.py ....                                               [ 10%]
tests/test_concurrency.py .                                              [ 10%]
tests/test_connection.py .....                                           [ 11%]
tests/test_coordination_learning.py ...s                                 [ 12%]
tests/test_default_preset_content.py ...............................     [ 17%]
tests/test_faiss_lock.py ...                                             [ 18%]
tests/test_frontend_llm_providers.py ..............                      [ 20%]
tests/test_gnom_hub.py ........                                          [ 21%]
tests/test_kill_orphans.py ....                                          [ 22%]
tests/test_openrouter.py .....                                           [ 23%]
tests/test_permission_refactor.py ......................                 [ 27%]
tests/test_preset_schema_loader.py ..................................... [ 33%]
..............s................                                          [ 39%]
tests/test_queue_stability.py ...............                            [ 41%]
tests/test_router.py ....................................                [ 47%]
tests/test_router_provider_registry.py ................................. [ 53%]
...........................................................              [ 63%]
tests/test_routing_persistence.py ..                                     [ 64%]
tests/test_routing_precedence.py .                                       [ 64%]
tests/test_sandbox_argv.py ..................................            [ 70%]
tests/test_security_suite.py ..................................F........ [ 77%]
........................................                                 [ 84%]
tests/test_stability.py ................                                 [ 87%]
tests/test_state.py ....                                                 [ 88%]
tests/test_swarm_comms.py .........................                      [ 92%]
tests/test_workflows_endpoint.py .....................                   [ 96%]
tests/test_workspace_config.py ......F............F..F                   [100%]

=============================== warnings summary ===============================
tests/test_gnom_hub.py::test_soul_memory_retrieval
  /Users/landjunge/gnom-hub/.venv/lib/python3.12/site-packages/transformers/tokenization_utils_base.py:1601: FutureWarning: `clean_up_tokenization_spaces` was not set. It will be set to `True` by default. This behavior will be depracted in transformers v4.45, and will be then set to `False` by default. For more details check this issue: https://github.com/huggingface/transformers/issues/31884
    warnings.warn(

tests/test_gnom_hub.py::test_merken_and_spass_commands
  /Users/landjunge/gnom-hub/.venv/lib/python3.12/site-packages/fastapi/testclient.py:1: StarletteDeprecationWarning: Using `httpx` with `starlette.testclient` is deprecated; install `httpx2` instead.
    from starlette.testclient import TestClient as TestClient  # noqa

tests/test_preset_schema_loader.py::TestPresetConfig::test_missing_required_field
tests/test_preset_schema_loader.py::TestPresetConfig::test_missing_required_field
  /Users/landjunge/gnom-hub/.venv/lib/python3.12/site-packages/pydantic/main.py:263: DeprecationWarning: datetime.datetime.utcnow() is deprecated and scheduled for removal in a future version. Use timezone-aware objects to represent datetimes in UTC: datetime.datetime.now(datetime.UTC).
    validated_self = self.__pydantic_validator__.validate_python(data, self_instance=self)

-- Docs: https://docs.pytest.org/en/stable/how-to/capture-warnings.html
=========================== short test summary info ============================
FAILED tests/test_security_suite.py::TestVerifyCmd::test_protected_path_instant_blocked
FAILED tests/test_workspace_config.py::TestPutWorkspaceConfig::test_valid_path_returns_200
FAILED tests/test_workspace_config.py::TestPutWorkspaceConfig::test_path_is_actually_created
FAILED tests/test_workspace_config.py::TestHotReload::test_config_workspace_dir_picks_up_change
======= 4 failed, 572 passed, 2 skipped, 4 warnings in 76.65s (0:01:16) ========
